0 info it worked if it ends with ok
1 verbose cli [ '/usr/local/bin/node', '/usr/local/bin/npm', 'run', 'serve' ]
2 info using npm@3.10.9
3 info using node@v7.2.0
4 verbose run-script [ 'preserve', 'serve', 'postserve' ]
5 info lifecycle portfolio-react@1.0.0~preserve: portfolio-react@1.0.0
6 silly lifecycle portfolio-react@1.0.0~preserve: no script for preserve, continuing
7 info lifecycle portfolio-react@1.0.0~serve: portfolio-react@1.0.0
8 verbose lifecycle portfolio-react@1.0.0~serve: unsafe-perm in lifecycle true
9 verbose lifecycle portfolio-react@1.0.0~serve: PATH: /usr/local/lib/node_modules/npm/bin/node-gyp-bin:/home/creztoe/projects/javascript/react/portfolio/node_modules/.bin:/home/creztoe/.rvm/gems/ruby-2.3.1/bin:/home/creztoe/.rvm/gems/ruby-2.3.1@global/bin:/home/creztoe/.rvm/rubies/ruby-2.3.1/bin:/home/creztoe/bin:/usr/local/heroku/bin:/home/creztoe/bin:/usr/local/sbin:/usr/local/bin:/usr/sbin:/usr/bin:/sbin:/bin:/usr/games:/usr/local/games:/snap/bin:/usr/lib/jvm/java-8-oracle/bin:/usr/lib/jvm/java-8-oracle/db/bin:/usr/lib/jvm/java-8-oracle/jre/bin:/home/creztoe/.rvm/bin:/home/creztoe/Android/Sdk:/home/creztoe/Android/Sdk/platform-tools:/home/creztoe/Android/Sdk/tools:/snap/bin:/usr/lib/jvm/java-8-oracle/bin:/usr/lib/jvm/java-8-oracle/db/bin:/usr/lib/jvm/java-8-oracle/jre/bin:/usr/local/jdk1.8.0_101:/usr/lib/jvm/java-9-openjdk-amd64/bin:/usr/lib/jvm/java-9-openjdk-amd64:/home/creztoe/Android/Sdk:/home/creztoe/Android/Sdk/tools:/home/creztoe/Android/Sdk/platform-tools:/home/creztoe/Android/Sdk/build-tools:/usr/local/android-studio/bin:/home/creztoe/.rvm/bin:/home/creztoe/.rvm/bin:/home/creztoe/Android/Sdk:/home/creztoe/Android/Sdk/platform-tools:/home/creztoe/Android/Sdk/tools
10 verbose lifecycle portfolio-react@1.0.0~serve: CWD: /home/creztoe/projects/javascript/react/portfolio
11 silly lifecycle portfolio-react@1.0.0~serve: Args: [ '-c', 'webpack-dev-server' ]
12 silly lifecycle portfolio-react@1.0.0~serve: Returned: code: 1  signal: null
13 info lifecycle portfolio-react@1.0.0~serve: Failed to exec serve script
14 verbose stack Error: portfolio-react@1.0.0 serve: `webpack-dev-server`
14 verbose stack Exit status 1
14 verbose stack     at EventEmitter.<anonymous> (/usr/local/lib/node_modules/npm/lib/utils/lifecycle.js:255:16)
14 verbose stack     at emitTwo (events.js:106:13)
14 verbose stack     at EventEmitter.emit (events.js:191:7)
14 verbose stack     at ChildProcess.<anonymous> (/usr/local/lib/node_modules/npm/lib/utils/spawn.js:40:14)
14 verbose stack     at emitTwo (events.js:106:13)
14 verbose stack     at ChildProcess.emit (events.js:191:7)
14 verbose stack     at maybeClose (internal/child_process.js:885:16)
14 verbose stack     at Process.ChildProcess._handle.onexit (internal/child_process.js:226:5)
15 verbose pkgid portfolio-react@1.0.0
16 verbose cwd /home/creztoe/projects/javascript/react/portfolio
17 error Linux 4.4.0-63-generic
18 error argv "/usr/local/bin/node" "/usr/local/bin/npm" "run" "serve"
19 error node v7.2.0
20 error npm  v3.10.9
21 error code ELIFECYCLE
22 error portfolio-react@1.0.0 serve: `webpack-dev-server`
22 error Exit status 1
23 error Failed at the portfolio-react@1.0.0 serve script 'webpack-dev-server'.
23 error Make sure you have the latest version of node.js and npm installed.
23 error If you do, this is most likely a problem with the portfolio-react package,
23 error not with npm itself.
23 error Tell the author that this fails on your system:
23 error     webpack-dev-server
23 error You can get information on how to open an issue for this project with:
23 error     npm bugs portfolio-react
23 error Or if that isn't available, you can get their info via:
23 error     npm owner ls portfolio-react
23 error There is likely additional logging output above.
24 verbose exit [ 1, true ]
